
Showing logs for build [32mcb-kubecd-environment-pr-187-14-2jlmc-1[0m stage [32mfrom-build-pack[0m and container [32mstep-credential-initializer-tjzrr[0m
{"level":"warn","ts":1585020408.7837336,"logger":"fallback-logger","caller":"logging/config.go:69","msg":"Fetch GitHub commit ID from kodata failed: \"ref: refs/heads/0.8.0-**-support-backwards-incompats\" is not a valid GitHub commit ID"}
{"level":"info","ts":1585020408.7860239,"logger":"fallback-logger","caller":"creds-init/main.go:40","msg":"Credentials initialized."}

Showing logs for build [32mcb-kubecd-environment-pr-187-14-2jlmc-1[0m stage [32mfrom-build-pack[0m and container [32mstep-working-dir-initializer-lg5q8[0m
{"level":"warn","ts":1585020409.7712612,"logger":"fallback-logger","caller":"logging/config.go:69","msg":"Fetch GitHub commit ID from kodata failed: open /var/run/ko/HEAD: no such file or directory"}
{"level":"info","ts":1585020409.7728748,"logger":"fallback-logger","caller":"bash/main.go:64","msg":"Successfully executed command \"sh -c mkdir -p /workspace/source\"; output "}

Showing logs for build [32mcb-kubecd-environment-pr-187-14-2jlmc-1[0m stage [32mfrom-build-pack[0m and container [32mstep-place-tools[0m

Showing logs for build [32mcb-kubecd-environment-pr-187-14-2jlmc-1[0m stage [32mfrom-build-pack[0m and container [32mstep-git-source-cb-kubecd-environment-pr-187-14-2jlmc-hqp8r[0m
{"level":"warn","ts":1585020414.8978841,"logger":"fallback-logger","caller":"logging/config.go:69","msg":"Fetch GitHub commit ID from kodata failed: \"ref: refs/heads/0.8.0-**-support-backwards-incompats\" is not a valid GitHub commit ID"}
{"level":"info","ts":1585020415.986134,"logger":"fallback-logger","caller":"git/git.go:103","msg":"Successfully cloned https://github.com/cb-kubecd/environment-pr-187-146-boot-vault-gke-staging.git @ master in path /workspace/source"}

Showing logs for build [32mcb-kubecd-environment-pr-187-14-2jlmc-1[0m stage [32mfrom-build-pack[0m and container [32mstep-git-merge[0m
Using SHAs from PULL_REFS=master:cf1c8e0878281ae13b2c1766945a0b9c3d112c2f,3:cfd24968e12db659fe1cd05ca235fb1ca9aa9e4d
DEBUG: LC_ALL=C JX_LOG_LEVEL=error git fetch origin --unshallow cfd24968e12db659fe1cd05ca235fb1ca9aa9e4d: cf1c8e0878281ae13b2c1766945a0b9c3d112c2f:
DEBUG: ran git fetch --unshallow origin cfd24968e12db659fe1cd05ca235fb1ca9aa9e4d: cf1c8e0878281ae13b2c1766945a0b9c3d112c2f: in 
DEBUG: LC_ALL=C JX_LOG_LEVEL=error git branch
DEBUG: LC_ALL=C JX_LOG_LEVEL=error git checkout master
DEBUG: ran git checkout master in 
DEBUG: JX_LOG_LEVEL=error LC_ALL=C git reset --hard cf1c8e0878281ae13b2c1766945a0b9c3d112c2f
DEBUG: ran git reset --hard cf1c8e0878281ae13b2c1766945a0b9c3d112c2f in 
DEBUG: LC_ALL=C JX_LOG_LEVEL=error git clean -fd .
DEBUG: ran clean --force -d . in 
DEBUG: JX_LOG_LEVEL=error LC_ALL=C git merge cfd24968e12db659fe1cd05ca235fb1ca9aa9e4d
DEBUG: ran git merge cfd24968e12db659fe1cd05ca235fb1ca9aa9e4d in 
DEBUG: LC_ALL=C JX_LOG_LEVEL=error git log --format=%H%x1f%an%x1f%ae%x1f%cn%x1f%ce%x1f%s%n%b%x1e cf1c8e0878281ae13b2c1766945a0b9c3d112c2f..HEAD
Merged SHA cfd24968e12db659fe1cd05ca235fb1ca9aa9e4d with commit message 'chore: Promote bdd-nh-1585018837 to version 0.0.1' into base branch master

Showing logs for build [32mcb-kubecd-environment-pr-187-14-2jlmc-1[0m stage [32mfrom-build-pack[0m and container [32mstep-build-helm-build[0m
WARNING: No $CHART_REPOSITORY defined so using the default value of: http://jenkins-x-chartmuseum:8080
Adding missing Helm repo: storage.googleapis.com https://storage.googleapis.com/chartmuseum.jenkins-x.io
WARNING: No secrets found on "helm/repos" due: reading the secret "helm/repos" from vault: no secret "helm/repos" not found in vault
Read credentials for https://storage.googleapis.com/chartmuseum.jenkins-x.io from vault helm/repos
Successfully added Helm repository storage.googleapis.com.
Adding missing Helm repo: jenkins-x-chartmuseum http://jenkins-x-chartmuseum:8080
WARNING: No secrets found on "helm/repos" due: reading the secret "helm/repos" from vault: no secret "helm/repos" not found in vault
Read credentials for http://jenkins-x-chartmuseum:8080 from vault helm/repos
Successfully added Helm repository jenkins-x-chartmuseum.
WARNING: No $CHART_REPOSITORY defined so using the default value of: http://jenkins-x-chartmuseum:8080
Adding missing Helm repo: chartmuseum.jenkins-x.io http://chartmuseum.jenkins-x.io
WARNING: No secrets found on "helm/repos" due: reading the secret "helm/repos" from vault: no secret "helm/repos" not found in vault
Read credentials for http://chartmuseum.jenkins-x.io from vault helm/repos
Successfully added Helm repository chartmuseum.jenkins-x.io.
